

Version:	3.12
CmdLine:	C:\Users\$PESHA$\Desktop\PosPro\src\pospro\pospro.exe --l4j-debug
WOW64:		yes
Working dir:	C:\Users\$PESHA$\Desktop\PosPro\src\pospro\.
Java min ver:	
Java max ver:	
Bundled JRE:	bin\jre1.8.0_271
Check launcher:	C:\Users\$PESHA$\Desktop\PosPro\src\pospro\bin\jre1.8.0_271\bin\javaw.exe (not found)
Error msg:	This application was configured to use a bundled Java Runtime Environment but the runtime is missing or corrupted.


Version:	3.12
CmdLine:	C:\Users\$PESHA$\Desktop\PosPro\src\pospro\pospro.exe --l4j-debug
WOW64:		yes
Working dir:	C:\Users\$PESHA$\Desktop\PosPro\src\pospro\.
Java min ver:	1.004.001
Java max ver:	
64-bit search:	SOFTWARE\JavaSoft\Java Runtime Environment...
Check:		SOFTWARE\JavaSoft\Java Runtime Environment\1.8
Check launcher:	C:\Program Files\Java\jre1.8.0_271\bin\javaw.exe (OK)
Match:		1.008.000
Check:		SOFTWARE\JavaSoft\Java Runtime Environment\1.8.0_271
Check launcher:	C:\Program Files\Java\jre1.8.0_271\bin\javaw.exe (OK)
Match:		1.008.000_271
64-bit search:	SOFTWARE\JavaSoft\Java Development Kit...
64-bit search:	SOFTWARE\JavaSoft\JRE...
64-bit search:	SOFTWARE\JavaSoft\JDK...
Check:		SOFTWARE\JavaSoft\JDK\11.0.5
Check launcher:	C:\Program Files\Java\jdk-11.0.5\bin\javaw.exe (OK)
Match:		1.011.000_005
Check:		SOFTWARE\JavaSoft\JDK\13.0.1
Check launcher:	C:\Program Files\Java\jdk-13.0.1\bin\javaw.exe (OK)
Match:		1.013.000_001
Runtime used:	1.013.000_001 (64-bit)
Launcher:	C:\Program Files\Java\jdk-13.0.1\bin\javaw.exe
Launcher args:	-jar "C:\Users\$PESHA$\Desktop\PosPro\src\pospro\pospro.exe"
Args length:	60/32768 chars
Exit code:	0


Version:	3.12
CmdLine:	C:\Users\$PESHA$\Desktop\PosPro\src\pospro\pospro.exe --l4j-debug
WOW64:		yes
Working dir:	C:\Users\$PESHA$\Desktop\PosPro\src\pospro\.
Java min ver:	1.004.001
Java max ver:	
64-bit search:	SOFTWARE\JavaSoft\Java Runtime Environment...
Check:		SOFTWARE\JavaSoft\Java Runtime Environment\1.8
Check launcher:	C:\Program Files\Java\jre1.8.0_271\bin\javaw.exe (OK)
Match:		1.008.000
Check:		SOFTWARE\JavaSoft\Java Runtime Environment\1.8.0_271
Check launcher:	C:\Program Files\Java\jre1.8.0_271\bin\javaw.exe (OK)
Match:		1.008.000_271
64-bit search:	SOFTWARE\JavaSoft\Java Development Kit...
64-bit search:	SOFTWARE\JavaSoft\JRE...
64-bit search:	SOFTWARE\JavaSoft\JDK...
Check:		SOFTWARE\JavaSoft\JDK\11.0.5
Check launcher:	C:\Program Files\Java\jdk-11.0.5\bin\javaw.exe (OK)
Match:		1.011.000_005
Check:		SOFTWARE\JavaSoft\JDK\13.0.1
Check launcher:	C:\Program Files\Java\jdk-13.0.1\bin\javaw.exe (OK)
Match:		1.013.000_001
Runtime used:	1.013.000_001 (64-bit)
Launcher:	C:\Program Files\Java\jdk-13.0.1\bin\javaw.exe
Launcher args:	-jar "C:\Users\$PESHA$\Desktop\PosPro\src\pospro\pospro.exe"
Args length:	60/32768 chars
Exit code:	0


Version:	3.12
CmdLine:	C:\Users\$PESHA$\Desktop\PosPro\src\pospro\pospro.exe --l4j-debug
WOW64:		yes
Working dir:	C:\Users\$PESHA$\Desktop\PosPro\src\pospro\.
Java min ver:	1.004.001
Java max ver:	
64-bit search:	SOFTWARE\JavaSoft\Java Runtime Environment...
Check:		SOFTWARE\JavaSoft\Java Runtime Environment\1.8
Check launcher:	C:\Program Files\Java\jre1.8.0_271\bin\javaw.exe (OK)
Match:		1.008.000
Check:		SOFTWARE\JavaSoft\Java Runtime Environment\1.8.0_271
Check launcher:	C:\Program Files\Java\jre1.8.0_271\bin\javaw.exe (OK)
Match:		1.008.000_271
64-bit search:	SOFTWARE\JavaSoft\Java Development Kit...
64-bit search:	SOFTWARE\JavaSoft\JRE...
64-bit search:	SOFTWARE\JavaSoft\JDK...
Check:		SOFTWARE\JavaSoft\JDK\11.0.5
Check launcher:	C:\Program Files\Java\jdk-11.0.5\bin\javaw.exe (OK)
Match:		1.011.000_005
Check:		SOFTWARE\JavaSoft\JDK\13.0.1
Check launcher:	C:\Program Files\Java\jdk-13.0.1\bin\javaw.exe (OK)
Match:		1.013.000_001
Runtime used:	1.013.000_001 (64-bit)
Launcher:	C:\Program Files\Java\jdk-13.0.1\bin\javaw.exe
Launcher args:	-jar "C:\Users\$PESHA$\Desktop\PosPro\src\pospro\pospro.exe"
Args length:	60/32768 chars
Exit code:	0
